<?xml version="1.0" encoding="UTF-8"?>
<!-- Generated by org.testng.reporters.JUnitReportReporter -->
<testsuite skipped="0" hostname="DeepakVarma" name="functionalTesting.GetRequest" tests="1" failures="0" timestamp="2020-09-28T15:24:08 IST" time="7.562" errors="0">
  <testcase name="getRequest" time="7.562" classname="functionalTesting.GetRequest"/>
  <system-out/>
</testsuite> <!-- functionalTesting.GetRequest -->
