<?xml version="1.0" encoding="UTF-8"?>
<!-- Generated by org.testng.reporters.JUnitReportReporter -->
<testsuite skipped="0" hostname="DeepakVarma" name="automationStepByStep.SecondTestCase" tests="1" failures="0" timestamp="2020-11-03T10:39:13 IST" time="1.331" errors="0">
  <testcase name="testdata" time="1.331" classname="automationStepByStep.SecondTestCase"/>
  <system-out/>
</testsuite> <!-- automationStepByStep.SecondTestCase -->
