<?xml version="1.0" encoding="UTF-8"?>
<!-- Generated by org.testng.reporters.JUnitReportReporter -->
<testsuite skipped="0" hostname="DeepakVarma" name="automationStepByStep.Test03_LocalDummyAPINode" tests="1" failures="0" timestamp="2020-10-24T20:38:59 IST" time="1.959" errors="0">
  <testcase name="test_Delete" time="1.959" classname="automationStepByStep.Test03_LocalDummyAPINode"/>
  <system-out/>
</testsuite> <!-- automationStepByStep.Test03_LocalDummyAPINode -->
