<?xml version="1.0" encoding="UTF-8"?>
<!-- Generated by org.testng.reporters.JUnitReportReporter -->
<testsuite skipped="0" hostname="DeepakVarma" name="automationStepByStep.Test02_PostPutPatchDelete" tests="1" failures="0" timestamp="2020-10-24T20:15:52 IST" time="3.501" errors="0">
  <testcase name="test_POST" time="3.501" classname="automationStepByStep.Test02_PostPutPatchDelete"/>
  <system-out/>
</testsuite> <!-- automationStepByStep.Test02_PostPutPatchDelete -->
