<?xml version="1.0" encoding="UTF-8"?>
<!-- Generated by org.testng.reporters.JUnitReportReporter -->
<testsuite skipped="0" hostname="DeepakVarma" name="automationStepByStep.FirstTestCase" tests="1" failures="0" timestamp="2020-10-28T11:13:54 IST" time="2.833" errors="0">
  <testcase name="testdata" time="2.833" classname="automationStepByStep.FirstTestCase"/>
  <system-out/>
</testsuite> <!-- automationStepByStep.FirstTestCase -->
