<?xml version="1.0" encoding="UTF-8"?>
<!-- Generated by org.testng.reporters.JUnitReportReporter -->
<testsuite skipped="0" hostname="DeepakVarma" name="automationStepByStep.Test02" tests="1" failures="0" timestamp="2020-10-24T14:54:49 IST" time="4.192" errors="0">
  <testcase name="test01" time="4.192" classname="automationStepByStep.Test02"/>
  <system-out/>
</testsuite> <!-- automationStepByStep.Test02 -->
